[    25.864] (WW) Failed to open protocol names file lib/xorg/protocol.txt
[    25.865] 
X.Org X Server 1.20.9
X Protocol Version 11, Revision 0
[    25.865] Build Operating System: Linux Arch Linux
[    25.865] Current Operating System: Linux beast-arch 5.8.14-arch1-1 #1 SMP PREEMPT Wed, 07 Oct 2020 23:59:46 +0000 x86_64
[    25.865] Kernel command line: BOOT_IMAGE=(hd1,gpt2)/vmlinuz-linux root=/dev/disk/by-uuid/89636854-ada7-48b2-a711-1cf34997129b
[    25.865] Build Date: 02 September 2020  06:17:44AM
[    25.865]  
[    25.865] Current version of pixman: 0.40.0
[    25.865] 	Before reporting problems, check http://wiki.x.org
	to make sure that you have the latest version.
[    25.865] Markers: (--) probed, (**) from config file, (==) default setting,
	(++) from command line, (!!) notice, (II) informational,
	(WW) warning, (EE) error, (NI) not implemented, (??) unknown.
[    25.865] (==) Log file: "/home/ben/.local/share/xorg/Xorg.0.log", Time: Sun Oct 11 11:40:05 2020
[    25.866] (==) Using system config directory "/usr/share/X11/xorg.conf.d"
[    25.867] (==) No Layout section.  Using the first Screen section.
[    25.867] (==) No screen section available. Using defaults.
[    25.867] (**) |-->Screen "Default Screen Section" (0)
[    25.867] (**) |   |-->Monitor "<default monitor>"
[    25.867] (==) No monitor specified for screen "Default Screen Section".
	Using a default monitor configuration.
[    25.867] (==) Automatically adding devices
[    25.867] (==) Automatically enabling devices
[    25.867] (==) Automatically adding GPU devices
[    25.867] (==) Automatically binding GPU devices
[    25.867] (==) Max clients allowed: 256, resource mask: 0x1fffff
[    25.868] (WW) The directory "/usr/share/fonts/misc" does not exist.
[    25.868] 	Entry deleted from font path.
[    25.868] (WW) `fonts.dir' not found (or not valid) in "/usr/share/fonts/TTF".
[    25.868] 	Entry deleted from font path.
[    25.868] 	(Run 'mkfontdir' on "/usr/share/fonts/TTF").
[    25.869] (WW) The directory "/usr/share/fonts/OTF" does not exist.
[    25.869] 	Entry deleted from font path.
[    25.869] (WW) The directory "/usr/share/fonts/Type1" does not exist.
[    25.869] 	Entry deleted from font path.
[    25.869] (WW) The directory "/usr/share/fonts/100dpi" does not exist.
[    25.869] 	Entry deleted from font path.
[    25.869] (WW) The directory "/usr/share/fonts/75dpi" does not exist.
[    25.869] 	Entry deleted from font path.
[    25.869] (==) FontPath set to:
	
[    25.869] (==) ModulePath set to "/usr/lib/xorg/modules"
[    25.869] (II) The server relies on udev to provide the list of input devices.
	If no devices become available, reconfigure udev or disable AutoAddDevices.
[    25.869] (II) Module ABI versions:
[    25.869] 	X.Org ANSI C Emulation: 0.4
[    25.869] 	X.Org Video Driver: 24.1
[    25.869] 	X.Org XInput driver : 24.1
[    25.869] 	X.Org Server Extension : 10.0
[    25.869] (++) using VT number 1

[    25.870] (II) systemd-logind: took control of session /org/freedesktop/login1/session/_34
[    25.870] (II) xfree86: Adding drm device (/dev/dri/card0)
[    25.870] (II) Platform probe for /sys/devices/pci0000:00/0000:00:01.0/0000:01:00.0/drm/card0
[    25.871] (II) systemd-logind: got fd for /dev/dri/card0 226:0 fd 10 paused 0
[    25.872] (--) PCI:*(1@0:0:0) 1002:67df:1462:3418 rev 231, Mem @ 0xa0000000/268435456, 0xb0000000/2097152, 0xb0400000/262144, I/O @ 0x00004000/256, BIOS @ 0x????????/131072
[    25.872] (WW) Open ACPI failed (/var/run/acpid.socket) (No such file or directory)
[    25.872] (II) LoadModule: "glx"
[    25.875] (II) Loading /usr/lib/xorg/modules/extensions/libglx.so
[    25.882] (II) Module glx: vendor="X.Org Foundation"
[    25.882] 	compiled for 1.20.9, module version = 1.0.0
[    25.882] 	ABI class: X.Org Server Extension, version 10.0
[    25.882] (II) Applying OutputClass "AMDgpu" to /dev/dri/card0
[    25.882] 	loading driver: amdgpu
[    25.882] (==) Matched amdgpu as autoconfigured driver 0
[    25.882] (==) Matched ati as autoconfigured driver 1
[    25.882] (==) Matched modesetting as autoconfigured driver 2
[    25.882] (==) Matched fbdev as autoconfigured driver 3
[    25.882] (==) Matched vesa as autoconfigured driver 4
[    25.882] (==) Assigned the driver to the xf86ConfigLayout
[    25.882] (II) LoadModule: "amdgpu"
[    25.883] (II) Loading /usr/lib/xorg/modules/drivers/amdgpu_drv.so
[    25.886] (II) Module amdgpu: vendor="X.Org Foundation"
[    25.886] 	compiled for 1.20.8, module version = 19.1.0
[    25.886] 	Module class: X.Org Video Driver
[    25.886] 	ABI class: X.Org Video Driver, version 24.1
[    25.886] (II) LoadModule: "ati"
[    25.886] (WW) Warning, couldn't open module ati
[    25.886] (EE) Failed to load module "ati" (module does not exist, 0)
[    25.886] (II) LoadModule: "modesetting"
[    25.886] (II) Loading /usr/lib/xorg/modules/drivers/modesetting_drv.so
[    25.887] (II) Module modesetting: vendor="X.Org Foundation"
[    25.887] 	compiled for 1.20.9, module version = 1.20.9
[    25.887] 	Module class: X.Org Video Driver
[    25.887] 	ABI class: X.Org Video Driver, version 24.1
[    25.887] (II) LoadModule: "fbdev"
[    25.887] (WW) Warning, couldn't open module fbdev
[    25.887] (EE) Failed to load module "fbdev" (module does not exist, 0)
[    25.887] (II) LoadModule: "vesa"
[    25.887] (WW) Warning, couldn't open module vesa
[    25.887] (EE) Failed to load module "vesa" (module does not exist, 0)
[    25.887] (II) AMDGPU: Driver for AMD Radeon:
	All GPUs supported by the amdgpu kernel driver
[    25.887] (II) modesetting: Driver for Modesetting Kernel Drivers: kms
[    25.888] (WW) Falling back to old probe method for modesetting
[    25.888] (WW) VGA arbiter: cannot open kernel arbiter, no multi-card support
[    25.888] (II) AMDGPU(0): Creating default Display subsection in Screen section
	"Default Screen Section" for depth/fbbpp 24/32
[    25.888] (==) AMDGPU(0): Depth 24, (--) framebuffer bpp 32
[    25.888] (II) AMDGPU(0): Pixel depth = 24 bits stored in 4 bytes (32 bpp pixmaps)
[    25.888] (==) AMDGPU(0): Default visual is TrueColor
[    25.888] (==) AMDGPU(0): RGB weight 888
[    25.888] (II) AMDGPU(0): Using 8 bits per RGB (8 bit DAC)
[    25.888] (--) AMDGPU(0): Chipset: "Radeon RX 580 Series" (ChipID = 0x67df)
[    25.888] (II) Loading sub module "fb"
[    25.888] (II) LoadModule: "fb"
[    25.888] (II) Loading /usr/lib/xorg/modules/libfb.so
[    25.889] (II) Module fb: vendor="X.Org Foundation"
[    25.889] 	compiled for 1.20.9, module version = 1.0.0
[    25.889] 	ABI class: X.Org ANSI C Emulation, version 0.4
[    25.889] (II) Loading sub module "dri2"
[    25.889] (II) LoadModule: "dri2"
[    25.889] (II) Module "dri2" already built-in
[    26.127] (II) Loading sub module "glamoregl"
[    26.127] (II) LoadModule: "glamoregl"
[    26.127] (II) Loading /usr/lib/xorg/modules/libglamoregl.so
[    26.142] (II) Module glamoregl: vendor="X.Org Foundation"
[    26.142] 	compiled for 1.20.9, module version = 1.0.1
[    26.142] 	ABI class: X.Org ANSI C Emulation, version 0.4
[    26.166] (II) AMDGPU(0): glamor X acceleration enabled on Radeon RX 580 Series (POLARIS10, DRM 3.38.0, 5.8.14-arch1-1, LLVM 10.0.1)
[    26.166] (II) AMDGPU(0): glamor detected, initialising EGL layer.
[    26.166] (==) AMDGPU(0): TearFree property default: auto
[    26.166] (==) AMDGPU(0): VariableRefresh: disabled
[    26.166] (II) AMDGPU(0): KMS Pageflipping: enabled
[    26.166] (II) AMDGPU(0): Output DisplayPort-0 has no monitor section
[    26.166] (II) AMDGPU(0): Output DisplayPort-1 has no monitor section
[    26.167] (II) AMDGPU(0): Output HDMI-A-0 has no monitor section
[    26.167] (II) AMDGPU(0): Output HDMI-A-1 has no monitor section
[    26.167] (II) AMDGPU(0): Output DVI-D-0 has no monitor section
[    26.191] (II) AMDGPU(0): EDID for output DisplayPort-0
[    26.191] (II) AMDGPU(0): EDID for output DisplayPort-1
[    26.192] (II) AMDGPU(0): EDID for output HDMI-A-0
[    26.192] (II) AMDGPU(0): Manufacturer: SAM  Model: d32  Serial#: 810566234
[    26.192] (II) AMDGPU(0): Year: 2018  Week: 11
[    26.192] (II) AMDGPU(0): EDID Version: 1.3
[    26.192] (II) AMDGPU(0): Digital Display Input
[    26.192] (II) AMDGPU(0): Max Image Size [cm]: horiz.: 60  vert.: 34
[    26.192] (II) AMDGPU(0): Gamma: 2.20
[    26.192] (II) AMDGPU(0): DPMS capabilities: Off
[    26.192] (II) AMDGPU(0): Supported color encodings: RGB 4:4:4 YCrCb 4:4:4 
[    26.192] (II) AMDGPU(0): First detailed timing is preferred mode
[    26.192] (II) AMDGPU(0): redX: 0.646 redY: 0.337   greenX: 0.328 greenY: 0.615
[    26.192] (II) AMDGPU(0): blueX: 0.146 blueY: 0.056   whiteX: 0.313 whiteY: 0.329
[    26.192] (II) AMDGPU(0): Supported established timings:
[    26.192] (II) AMDGPU(0): 720x400@70Hz
[    26.192] (II) AMDGPU(0): 640x480@60Hz
[    26.192] (II) AMDGPU(0): 640x480@67Hz
[    26.192] (II) AMDGPU(0): 640x480@72Hz
[    26.192] (II) AMDGPU(0): 800x600@56Hz
[    26.192] (II) AMDGPU(0): 800x600@60Hz
[    26.192] (II) AMDGPU(0): 800x600@72Hz
[    26.192] (II) AMDGPU(0): 1024x768@60Hz
[    26.192] (II) AMDGPU(0): 1024x768@70Hz
[    26.192] (II) AMDGPU(0): Manufacturer's mask: 0
[    26.192] (II) AMDGPU(0): Supported standard timings:
[    26.192] (II) AMDGPU(0): #0: hsize: 1680  vsize 1050  refresh: 60  vid: 179
[    26.192] (II) AMDGPU(0): #1: hsize: 1280  vsize 720  refresh: 60  vid: 49281
[    26.192] (II) AMDGPU(0): #2: hsize: 1280  vsize 800  refresh: 60  vid: 129
[    26.192] (II) AMDGPU(0): #3: hsize: 1280  vsize 1024  refresh: 60  vid: 32897
[    26.192] (II) AMDGPU(0): #4: hsize: 1440  vsize 900  refresh: 60  vid: 149
[    26.192] (II) AMDGPU(0): #5: hsize: 1600  vsize 900  refresh: 60  vid: 49321
[    26.192] (II) AMDGPU(0): Supported detailed timing:
[    26.192] (II) AMDGPU(0): clock: 148.5 MHz   Image Size:  598 x 336 mm
[    26.192] (II) AMDGPU(0): h_active: 1920  h_sync: 2008  h_sync_end 2052 h_blank_end 2200 h_border: 0
[    26.192] (II) AMDGPU(0): v_active: 1080  v_sync: 1084  v_sync_end 1089 v_blanking: 1125 v_border: 0
[    26.192] (II) AMDGPU(0): Ranges: V min: 50 V max: 72 Hz, H min: 30 H max: 81 kHz, PixClock max 175 MHz
[    26.192] (II) AMDGPU(0): Monitor name: C27F390
[    26.192] (II) AMDGPU(0): Serial No: HTQK303289
[    26.192] (II) AMDGPU(0): Supported detailed timing:
[    26.192] (II) AMDGPU(0): clock: 74.2 MHz   Image Size:  598 x 336 mm
[    26.192] (II) AMDGPU(0): h_active: 1280  h_sync: 1720  h_sync_end 1760 h_blank_end 1980 h_border: 0
[    26.192] (II) AMDGPU(0): v_active: 720  v_sync: 725  v_sync_end 730 v_blanking: 750 v_border: 0
[    26.192] (II) AMDGPU(0): Supported detailed timing:
[    26.192] (II) AMDGPU(0): clock: 27.0 MHz   Image Size:  598 x 336 mm
[    26.192] (II) AMDGPU(0): h_active: 720  h_sync: 732  h_sync_end 796 h_blank_end 864 h_border: 0
[    26.192] (II) AMDGPU(0): v_active: 576  v_sync: 581  v_sync_end 586 v_blanking: 625 v_border: 0
[    26.192] (II) AMDGPU(0): Supported detailed timing:
[    26.192] (II) AMDGPU(0): clock: 27.0 MHz   Image Size:  598 x 336 mm
[    26.192] (II) AMDGPU(0): h_active: 720  h_sync: 736  h_sync_end 798 h_blank_end 858 h_border: 0
[    26.192] (II) AMDGPU(0): v_active: 480  v_sync: 489  v_sync_end 495 v_blanking: 525 v_border: 0
[    26.192] (II) AMDGPU(0): Number of EDID sections to follow: 1
[    26.192] (II) AMDGPU(0): EDID (in hex):
[    26.192] (II) AMDGPU(0): 	00ffffffffffff004c2d320d5a425030
[    26.192] (II) AMDGPU(0): 	0b1c0103803c22782a5295a556549d25
[    26.192] (II) AMDGPU(0): 	0e5054bb8c00b30081c0810081809500
[    26.192] (II) AMDGPU(0): 	a9c001010101023a801871382d40582c
[    26.192] (II) AMDGPU(0): 	450056502100001e000000fd0032481e
[    26.192] (II) AMDGPU(0): 	5111000a202020202020000000fc0043
[    26.192] (II) AMDGPU(0): 	3237463339300a2020202020000000ff
[    26.192] (II) AMDGPU(0): 	004854514b3330333238390a202001d6
[    26.192] (II) AMDGPU(0): 	02031af14690041f1312032309070783
[    26.192] (II) AMDGPU(0): 	01000066030c00100080011d00bc52d0
[    26.192] (II) AMDGPU(0): 	1e20b828554056502100001e8c0ad090
[    26.192] (II) AMDGPU(0): 	204031200c4055005650210000188c0a
[    26.192] (II) AMDGPU(0): 	d08a20e02d10103e9600565021000018
[    26.192] (II) AMDGPU(0): 	00000000000000000000000000000000
[    26.192] (II) AMDGPU(0): 	00000000000000000000000000000000
[    26.192] (II) AMDGPU(0): 	00000000000000000000000000000061
[    26.192] (II) AMDGPU(0): Printing probed modes for output HDMI-A-0
[    26.192] (II) AMDGPU(0): Modeline "1920x1080"x60.0  148.50  1920 2008 2052 2200  1080 1084 1089 1125 +hsync +vsync (67.5 kHz eP)
[    26.192] (II) AMDGPU(0): Modeline "1920x1080"x50.0  148.50  1920 2448 2492 2640  1080 1084 1089 1125 +hsync +vsync (56.2 kHz e)
[    26.192] (II) AMDGPU(0): Modeline "1920x1080"x59.9  148.35  1920 2008 2052 2200  1080 1084 1089 1125 +hsync +vsync (67.4 kHz e)
[    26.192] (II) AMDGPU(0): Modeline "1680x1050"x59.9  119.00  1680 1728 1760 1840  1050 1053 1059 1080 +hsync -vsync (64.7 kHz e)
[    26.192] (II) AMDGPU(0): Modeline "1600x900"x60.0  108.00  1600 1624 1704 1800  900 901 904 1000 +hsync +vsync (60.0 kHz e)
[    26.192] (II) AMDGPU(0): Modeline "1280x1024"x60.0  108.00  1280 1328 1440 1688  1024 1025 1028 1066 +hsync +vsync (64.0 kHz e)
[    26.192] (II) AMDGPU(0): Modeline "1440x900"x59.9   88.75  1440 1488 1520 1600  900 903 909 926 +hsync -vsync (55.5 kHz e)
[    26.192] (II) AMDGPU(0): Modeline "1280x800"x59.9   71.00  1280 1328 1360 1440  800 803 809 823 +hsync -vsync (49.3 kHz e)
[    26.192] (II) AMDGPU(0): Modeline "1280x720"x60.0   74.25  1280 1390 1430 1650  720 725 730 750 +hsync +vsync (45.0 kHz e)
[    26.192] (II) AMDGPU(0): Modeline "1280x720"x50.0   74.25  1280 1720 1760 1980  720 725 730 750 +hsync +vsync (37.5 kHz e)
[    26.192] (II) AMDGPU(0): Modeline "1280x720"x59.9   74.18  1280 1390 1430 1650  720 725 730 750 +hsync +vsync (45.0 kHz e)
[    26.192] (II) AMDGPU(0): Modeline "1024x768"x70.1   75.00  1024 1048 1184 1328  768 771 777 806 -hsync -vsync (56.5 kHz e)
[    26.192] (II) AMDGPU(0): Modeline "1024x768"x60.0   65.00  1024 1048 1184 1344  768 771 777 806 -hsync -vsync (48.4 kHz e)
[    26.192] (II) AMDGPU(0): Modeline "800x600"x72.2   50.00  800 856 976 1040  600 637 643 666 +hsync +vsync (48.1 kHz e)
[    26.192] (II) AMDGPU(0): Modeline "800x600"x60.3   40.00  800 840 968 1056  600 601 605 628 +hsync +vsync (37.9 kHz e)
[    26.192] (II) AMDGPU(0): Modeline "800x600"x56.2   36.00  800 824 896 1024  600 601 603 625 +hsync +vsync (35.2 kHz e)
[    26.192] (II) AMDGPU(0): Modeline "720x576"x50.0   27.00  720 732 796 864  576 581 586 625 -hsync -vsync (31.2 kHz e)
[    26.192] (II) AMDGPU(0): Modeline "720x480"x60.0   27.03  720 736 798 858  480 489 495 525 -hsync -vsync (31.5 kHz e)
[    26.192] (II) AMDGPU(0): Modeline "720x480"x59.9   27.00  720 736 798 858  480 489 495 525 -hsync -vsync (31.5 kHz e)
[    26.192] (II) AMDGPU(0): Modeline "640x480"x72.8   31.50  640 664 704 832  480 489 492 520 -hsync -vsync (37.9 kHz e)
[    26.192] (II) AMDGPU(0): Modeline "640x480"x66.7   30.24  640 704 768 864  480 483 486 525 -hsync -vsync (35.0 kHz e)
[    26.192] (II) AMDGPU(0): Modeline "640x480"x60.0   25.20  640 656 752 800  480 490 492 525 -hsync -vsync (31.5 kHz e)
[    26.192] (II) AMDGPU(0): Modeline "640x480"x59.9   25.18  640 656 752 800  480 490 492 525 -hsync -vsync (31.5 kHz e)
[    26.192] (II) AMDGPU(0): Modeline "720x400"x70.1   28.32  720 738 846 900  400 412 414 449 -hsync +vsync (31.5 kHz e)
[    26.193] (II) AMDGPU(0): EDID for output HDMI-A-1
[    26.193] (II) AMDGPU(0): Manufacturer: GSM  Model: 5a56  Serial#: 354442
[    26.193] (II) AMDGPU(0): Year: 2015  Week: 8
[    26.193] (II) AMDGPU(0): EDID Version: 1.3
[    26.193] (II) AMDGPU(0): Digital Display Input
[    26.193] (II) AMDGPU(0): Max Image Size [cm]: horiz.: 51  vert.: 29
[    26.193] (II) AMDGPU(0): Gamma: 2.20
[    26.193] (II) AMDGPU(0): DPMS capabilities: StandBy Suspend Off
[    26.193] (II) AMDGPU(0): Supported color encodings: RGB 4:4:4 YCrCb 4:4:4 
[    26.193] (II) AMDGPU(0): First detailed timing is preferred mode
[    26.193] (II) AMDGPU(0): redX: 0.638 redY: 0.334   greenX: 0.309 greenY: 0.627
[    26.193] (II) AMDGPU(0): blueX: 0.153 blueY: 0.073   whiteX: 0.313 whiteY: 0.329
[    26.193] (II) AMDGPU(0): Supported established timings:
[    26.193] (II) AMDGPU(0): 640x480@60Hz
[    26.193] (II) AMDGPU(0): 800x600@60Hz
[    26.193] (II) AMDGPU(0): 1024x768@60Hz
[    26.193] (II) AMDGPU(0): Manufacturer's mask: 0
[    26.193] (II) AMDGPU(0): Supported standard timings:
[    26.193] (II) AMDGPU(0): #0: hsize: 1152  vsize 864  refresh: 60  vid: 16497
[    26.193] (II) AMDGPU(0): #1: hsize: 1280  vsize 720  refresh: 60  vid: 49281
[    26.193] (II) AMDGPU(0): #2: hsize: 1280  vsize 800  refresh: 60  vid: 129
[    26.193] (II) AMDGPU(0): #3: hsize: 1280  vsize 1024  refresh: 60  vid: 32897
[    26.193] (II) AMDGPU(0): #4: hsize: 1440  vsize 900  refresh: 60  vid: 149
[    26.193] (II) AMDGPU(0): #5: hsize: 1400  vsize 1050  refresh: 60  vid: 16528
[    26.193] (II) AMDGPU(0): #6: hsize: 1600  vsize 900  refresh: 60  vid: 49321
[    26.193] (II) AMDGPU(0): #7: hsize: 1680  vsize 1050  refresh: 60  vid: 179
[    26.193] (II) AMDGPU(0): Supported detailed timing:
[    26.193] (II) AMDGPU(0): clock: 148.5 MHz   Image Size:  510 x 290 mm
[    26.193] (II) AMDGPU(0): h_active: 1920  h_sync: 2008  h_sync_end 2052 h_blank_end 2200 h_border: 0
[    26.193] (II) AMDGPU(0): v_active: 1080  v_sync: 1084  v_sync_end 1089 v_blanking: 1125 v_border: 0
[    26.193] (II) AMDGPU(0): Ranges: V min: 56 V max: 61 Hz, H min: 30 H max: 83 kHz, PixClock max 155 MHz
[    26.193] (II) AMDGPU(0): Monitor name: 24MP56
[    26.193] (II) AMDGPU(0): Serial No: 
[    26.193] (II) AMDGPU(0): Supported detailed timing:
[    26.193] (II) AMDGPU(0): clock: 148.5 MHz   Image Size:  510 x 290 mm
[    26.193] (II) AMDGPU(0): h_active: 1920  h_sync: 2008  h_sync_end 2052 h_blank_end 2200 h_border: 0
[    26.193] (II) AMDGPU(0): v_active: 1080  v_sync: 1084  v_sync_end 1089 v_blanking: 1125 v_border: 0
[    26.193] (II) AMDGPU(0): Supported detailed timing:
[    26.193] (II) AMDGPU(0): clock: 74.2 MHz   Image Size:  510 x 290 mm
[    26.193] (II) AMDGPU(0): h_active: 1920  h_sync: 2008  h_sync_end 2052 h_blank_end 2200 h_border: 0
[    26.193] (II) AMDGPU(0): v_active: 540  v_sync: 542  v_sync_end 547 v_blanking: 562 v_border: 0
[    26.193] (II) AMDGPU(0): Supported detailed timing:
[    26.193] (II) AMDGPU(0): clock: 74.2 MHz   Image Size:  510 x 290 mm
[    26.193] (II) AMDGPU(0): h_active: 1280  h_sync: 1390  h_sync_end 1430 h_blank_end 1650 h_border: 0
[    26.193] (II) AMDGPU(0): v_active: 720  v_sync: 725  v_sync_end 730 v_blanking: 750 v_border: 0
[    26.193] (II) AMDGPU(0): Supported detailed timing:
[    26.193] (II) AMDGPU(0): clock: 27.0 MHz   Image Size:  510 x 290 mm
[    26.193] (II) AMDGPU(0): h_active: 720  h_sync: 736  h_sync_end 798 h_blank_end 858 h_border: 0
[    26.193] (II) AMDGPU(0): v_active: 480  v_sync: 489  v_sync_end 495 v_blanking: 525 v_border: 0
[    26.193] (II) AMDGPU(0): Number of EDID sections to follow: 1
[    26.193] (II) AMDGPU(0): EDID (in hex):
[    26.193] (II) AMDGPU(0): 	00ffffffffffff001e6d565a8a680500
[    26.193] (II) AMDGPU(0): 	0819010380331d78ea6275a3554fa027
[    26.193] (II) AMDGPU(0): 	125054210800714081c0810081809500
[    26.193] (II) AMDGPU(0): 	9040a9c0b300023a801871382d40582c
[    26.193] (II) AMDGPU(0): 	4500fe221100001e000000fd00383d1e
[    26.193] (II) AMDGPU(0): 	530f000a202020202020000000fc0032
[    26.193] (II) AMDGPU(0): 	344d5035360a202020202020000000ff
[    26.193] (II) AMDGPU(0): 	000a2020202020202020202020200148
[    26.193] (II) AMDGPU(0): 	02031df14a900403011412051f101323
[    26.193] (II) AMDGPU(0): 	0907078301000065030c001000023a80
[    26.193] (II) AMDGPU(0): 	1871382d40582c4500fe221100001e01
[    26.193] (II) AMDGPU(0): 	1d8018711c1620582c2500fe22110000
[    26.193] (II) AMDGPU(0): 	9e011d007251d01e206e285500fe2211
[    26.193] (II) AMDGPU(0): 	00001e8c0ad08a20e02d10103e9600fe
[    26.193] (II) AMDGPU(0): 	22110000180000000000000000000000
[    26.193] (II) AMDGPU(0): 	000000000000000000000000000000e6
[    26.193] (II) AMDGPU(0): Printing probed modes for output HDMI-A-1
[    26.193] (II) AMDGPU(0): Modeline "1920x1080"x60.0  148.50  1920 2008 2052 2200  1080 1084 1089 1125 +hsync +vsync (67.5 kHz eP)
[    26.193] (II) AMDGPU(0): Modeline "1920x1080"x50.0  148.50  1920 2448 2492 2640  1080 1084 1089 1125 +hsync +vsync (56.2 kHz e)
[    26.193] (II) AMDGPU(0): Modeline "1920x1080"x59.9  148.35  1920 2008 2052 2200  1080 1084 1089 1125 +hsync +vsync (67.4 kHz e)
[    26.193] (II) AMDGPU(0): Modeline "1680x1050"x59.9  119.00  1680 1728 1760 1840  1050 1053 1059 1080 +hsync -vsync (64.7 kHz e)
[    26.193] (II) AMDGPU(0): Modeline "1400x1050"x59.9  101.00  1400 1448 1480 1560  1050 1053 1057 1080 +hsync -vsync (64.7 kHz e)
[    26.193] (II) AMDGPU(0): Modeline "1600x900"x60.0  108.00  1600 1624 1704 1800  900 901 904 1000 +hsync +vsync (60.0 kHz e)
[    26.193] (II) AMDGPU(0): Modeline "1280x1024"x60.0  108.00  1280 1328 1440 1688  1024 1025 1028 1066 +hsync +vsync (64.0 kHz e)
[    26.193] (II) AMDGPU(0): Modeline "1440x900"x59.9   88.75  1440 1488 1520 1600  900 903 909 926 +hsync -vsync (55.5 kHz e)
[    26.193] (II) AMDGPU(0): Modeline "1280x800"x59.9   71.00  1280 1328 1360 1440  800 803 809 823 +hsync -vsync (49.3 kHz e)
[    26.193] (II) AMDGPU(0): Modeline "1280x720"x60.0   74.25  1280 1390 1430 1650  720 725 730 750 +hsync +vsync (45.0 kHz e)
[    26.193] (II) AMDGPU(0): Modeline "1280x720"x50.0   74.25  1280 1720 1760 1980  720 725 730 750 +hsync +vsync (37.5 kHz e)
[    26.193] (II) AMDGPU(0): Modeline "1280x720"x59.9   74.18  1280 1390 1430 1650  720 725 730 750 +hsync +vsync (45.0 kHz e)
[    26.193] (II) AMDGPU(0): Modeline "1024x768"x60.0   65.00  1024 1048 1184 1344  768 771 777 806 -hsync -vsync (48.4 kHz e)
[    26.193] (II) AMDGPU(0): Modeline "800x600"x60.3   40.00  800 840 968 1056  600 601 605 628 +hsync +vsync (37.9 kHz e)
[    26.193] (II) AMDGPU(0): Modeline "720x576"x50.0   27.00  720 732 796 864  576 581 586 625 -hsync -vsync (31.2 kHz e)
[    26.193] (II) AMDGPU(0): Modeline "720x480"x60.0   27.03  720 736 798 858  480 489 495 525 -hsync -vsync (31.5 kHz e)
[    26.193] (II) AMDGPU(0): Modeline "720x480"x59.9   27.00  720 736 798 858  480 489 495 525 -hsync -vsync (31.5 kHz e)
[    26.193] (II) AMDGPU(0): Modeline "640x480"x60.0   25.20  640 656 752 800  480 490 492 525 -hsync -vsync (31.5 kHz e)
[    26.193] (II) AMDGPU(0): Modeline "640x480"x59.9   25.18  640 656 752 800  480 490 492 525 -hsync -vsync (31.5 kHz e)
[    26.193] (II) AMDGPU(0): EDID for output DVI-D-0
[    26.193] (II) AMDGPU(0): Output DisplayPort-0 disconnected
[    26.193] (II) AMDGPU(0): Output DisplayPort-1 disconnected
[    26.193] (II) AMDGPU(0): Output HDMI-A-0 connected
[    26.193] (II) AMDGPU(0): Output HDMI-A-1 connected
[    26.193] (II) AMDGPU(0): Output DVI-D-0 disconnected
[    26.193] (II) AMDGPU(0): Using spanning desktop for initial modes
[    26.193] (II) AMDGPU(0): Output HDMI-A-0 using initial mode 1920x1080 +0+0
[    26.193] (II) AMDGPU(0): Output HDMI-A-1 using initial mode 1920x1080 +1920+0
[    26.193] (II) AMDGPU(0): mem size init: gart size :1ff86f000 vram size: s:1feee7000 visible:f2e7000
[    26.193] (==) AMDGPU(0): DPI set to (96, 96)
[    26.193] (==) AMDGPU(0): Using gamma correction (1.0, 1.0, 1.0)
[    26.193] (II) Loading sub module "ramdac"
[    26.193] (II) LoadModule: "ramdac"
[    26.193] (II) Module "ramdac" already built-in
[    26.193] (II) UnloadModule: "modesetting"
[    26.193] (II) Unloading modesetting
[    26.193] (II) AMDGPU(0): [DRI2] Setup complete
[    26.193] (II) AMDGPU(0): [DRI2]   DRI driver: radeonsi
[    26.193] (II) AMDGPU(0): [DRI2]   VDPAU driver: radeonsi
[    26.194] (II) AMDGPU(0): Front buffer pitch: 15360 bytes
[    26.195] (II) AMDGPU(0): SYNC extension fences enabled
[    26.195] (II) AMDGPU(0): Present extension enabled
[    26.195] (==) AMDGPU(0): DRI3 enabled
[    26.195] (==) AMDGPU(0): Backing store enabled
[    26.195] (II) AMDGPU(0): Direct rendering enabled
[    26.229] (II) AMDGPU(0): Use GLAMOR acceleration.
[    26.229] (II) AMDGPU(0): Acceleration enabled
[    26.229] (==) AMDGPU(0): DPMS enabled
[    26.229] (==) AMDGPU(0): Silken mouse disabled
[    26.229] (II) AMDGPU(0): Set up textured video (glamor)
[    26.258] (II) Initializing extension Generic Event Extension
[    26.258] (II) Initializing extension SHAPE
[    26.258] (II) Initializing extension MIT-SHM
[    26.258] (II) Initializing extension XInputExtension
[    26.258] (II) Initializing extension XTEST
[    26.258] (II) Initializing extension BIG-REQUESTS
[    26.258] (II) Initializing extension SYNC
[    26.258] (II) Initializing extension XKEYBOARD
[    26.259] (II) Initializing extension XC-MISC
[    26.259] (II) Initializing extension SECURITY
[    26.259] (II) Initializing extension XFIXES
[    26.259] (II) Initializing extension RENDER
[    26.259] (II) Initializing extension RANDR
[    26.259] (II) Initializing extension COMPOSITE
[    26.259] (II) Initializing extension DAMAGE
[    26.259] (II) Initializing extension MIT-SCREEN-SAVER
[    26.259] (II) Initializing extension DOUBLE-BUFFER
[    26.259] (II) Initializing extension RECORD
[    26.259] (II) Initializing extension DPMS
[    26.259] (II) Initializing extension Present
[    26.259] (II) Initializing extension DRI3
[    26.259] (II) Initializing extension X-Resource
[    26.259] (II) Initializing extension XVideo
[    26.259] (II) Initializing extension XVideo-MotionCompensation
[    26.259] (II) Initializing extension GLX
[    26.261] (II) AIGLX: Loaded and initialized radeonsi
[    26.261] (II) GLX: Initialized DRI2 GL provider for screen 0
[    26.261] (II) Initializing extension XFree86-VidModeExtension
[    26.261] (II) Initializing extension XFree86-DGA
[    26.261] (II) Initializing extension XFree86-DRI
[    26.261] (II) Initializing extension DRI2
[    26.263] (II) AMDGPU(0): Setting screen physical size to 1016 x 285
[    26.353] (II) config/udev: Adding input device Power Button (/dev/input/event2)
[    26.353] (**) Power Button: Applying InputClass "libinput keyboard catchall"
[    26.353] (II) LoadModule: "libinput"
[    26.353] (II) Loading /usr/lib/xorg/modules/input/libinput_drv.so
[    26.360] (II) Module libinput: vendor="X.Org Foundation"
[    26.360] 	compiled for 1.20.8, module version = 0.30.0
[    26.360] 	Module class: X.Org XInput Driver
[    26.360] 	ABI class: X.Org XInput driver, version 24.1
[    26.360] (II) Using input driver 'libinput' for 'Power Button'
[    26.360] (II) systemd-logind: got fd for /dev/input/event2 13:66 fd 19 paused 0
[    26.360] (**) Power Button: always reports core events
[    26.360] (**) Option "Device" "/dev/input/event2"
[    26.360] (**) Option "_source" "server/udev"
[    26.366] (II) event2  - Power Button: is tagged by udev as: Keyboard
[    26.366] (II) event2  - Power Button: device is a keyboard
[    26.366] (II) event2  - Power Button: device removed
[    26.366] (**) Option "config_info" "udev:/sys/devices/LNXSYSTM:00/LNXPWRBN:00/input/input2/event2"
[    26.366] (II) XINPUT: Adding extended input device "Power Button" (type: KEYBOARD, id 6)
[    26.366] (II) event2  - Power Button: is tagged by udev as: Keyboard
[    26.366] (II) event2  - Power Button: device is a keyboard
[    26.366] (II) config/udev: Adding input device Power Button (/dev/input/event1)
[    26.366] (**) Power Button: Applying InputClass "libinput keyboard catchall"
[    26.366] (II) Using input driver 'libinput' for 'Power Button'
[    26.367] (II) systemd-logind: got fd for /dev/input/event1 13:65 fd 22 paused 0
[    26.367] (**) Power Button: always reports core events
[    26.367] (**) Option "Device" "/dev/input/event1"
[    26.367] (**) Option "_source" "server/udev"
[    26.367] (II) event1  - Power Button: is tagged by udev as: Keyboard
[    26.367] (II) event1  - Power Button: device is a keyboard
[    26.367] (II) event1  - Power Button: device removed
[    26.367] (**) Option "config_info" "udev:/sys/devices/LNXSYSTM:00/LNXSYBUS:00/PNP0C0C:00/input/input1/event1"
[    26.367] (II) XINPUT: Adding extended input device "Power Button" (type: KEYBOARD, id 7)
[    26.368] (II) event1  - Power Button: is tagged by udev as: Keyboard
[    26.368] (II) event1  - Power Button: device is a keyboard
[    26.368] (II) config/udev: Adding input device Sleep Button (/dev/input/event0)
[    26.368] (**) Sleep Button: Applying InputClass "libinput keyboard catchall"
[    26.368] (II) Using input driver 'libinput' for 'Sleep Button'
[    26.368] (II) systemd-logind: got fd for /dev/input/event0 13:64 fd 23 paused 0
[    26.368] (**) Sleep Button: always reports core events
[    26.368] (**) Option "Device" "/dev/input/event0"
[    26.368] (**) Option "_source" "server/udev"
[    26.369] (II) event0  - Sleep Button: is tagged by udev as: Keyboard
[    26.369] (II) event0  - Sleep Button: device is a keyboard
[    26.369] (II) event0  - Sleep Button: device removed
[    26.369] (**) Option "config_info" "udev:/sys/devices/LNXSYSTM:00/LNXSYBUS:00/PNP0C0E:00/input/input0/event0"
[    26.369] (II) XINPUT: Adding extended input device "Sleep Button" (type: KEYBOARD, id 8)
[    26.369] (II) event0  - Sleep Button: is tagged by udev as: Keyboard
[    26.369] (II) event0  - Sleep Button: device is a keyboard
[    26.369] (II) config/udev: Adding input device HDA ATI HDMI HDMI/DP,pcm=3 (/dev/input/event4)
[    26.369] (II) No input driver specified, ignoring this device.
[    26.369] (II) This device may have been added with another device file.
[    26.370] (II) config/udev: Adding input device HDA ATI HDMI HDMI/DP,pcm=7 (/dev/input/event5)
[    26.370] (II) No input driver specified, ignoring this device.
[    26.370] (II) This device may have been added with another device file.
[    26.370] (II) config/udev: Adding input device HDA ATI HDMI HDMI/DP,pcm=8 (/dev/input/event6)
[    26.370] (II) No input driver specified, ignoring this device.
[    26.370] (II) This device may have been added with another device file.
[    26.370] (II) config/udev: Adding input device HDA ATI HDMI HDMI/DP,pcm=9 (/dev/input/event7)
[    26.370] (II) No input driver specified, ignoring this device.
[    26.370] (II) This device may have been added with another device file.
[    26.370] (II) config/udev: Adding input device HDA ATI HDMI HDMI/DP,pcm=10 (/dev/input/event8)
[    26.370] (II) No input driver specified, ignoring this device.
[    26.370] (II) This device may have been added with another device file.
[    26.370] (II) config/udev: Adding input device HDA ATI HDMI HDMI/DP,pcm=11 (/dev/input/event9)
[    26.370] (II) No input driver specified, ignoring this device.
[    26.370] (II) This device may have been added with another device file.
[    26.370] (II) config/udev: Adding input device Sony Interactive Entertainment Wireless Controller (/dev/input/event257)
[    26.370] (II) No input driver specified, ignoring this device.
[    26.370] (II) This device may have been added with another device file.
[    26.371] (II) config/udev: Adding input device Sony Interactive Entertainment Wireless Controller (/dev/input/js0)
[    26.371] (II) No input driver specified, ignoring this device.
[    26.371] (II) This device may have been added with another device file.
[    26.371] (II) config/udev: Adding input device Sony Interactive Entertainment Wireless Controller Touchpad (/dev/input/event31)
[    26.371] (**) Sony Interactive Entertainment Wireless Controller Touchpad: Applying InputClass "libinput touchpad catchall"
[    26.371] (II) Using input driver 'libinput' for 'Sony Interactive Entertainment Wireless Controller Touchpad'
[    26.371] (II) systemd-logind: got fd for /dev/input/event31 13:95 fd 24 paused 0
[    26.371] (**) Sony Interactive Entertainment Wireless Controller Touchpad: always reports core events
[    26.371] (**) Option "Device" "/dev/input/event31"
[    26.371] (**) Option "_source" "server/udev"
[    26.372] (II) event31 - Sony Interactive Entertainment Wireless Controller Touchpad: is tagged by udev as: Touchpad
[    26.372] (II) event31 - Sony Interactive Entertainment Wireless Controller Touchpad: no resolution or size hints, assuming a size of 69x50mm
[    26.373] (II) event31 - Sony Interactive Entertainment Wireless Controller Touchpad: device is a touchpad
[    26.373] (II) event31 - Sony Interactive Entertainment Wireless Controller Touchpad: device removed
[    26.373] (**) Option "config_info" "udev:/sys/devices/pci0000:00/0000:00:14.0/usb1/1-1/1-1:1.3/0003:054C:09CC.0001/input/input34/event31"
[    26.373] (II) XINPUT: Adding extended input device "Sony Interactive Entertainment Wireless Controller Touchpad" (type: TOUCHPAD, id 9)
[    26.373] (**) Option "AccelerationScheme" "none"
[    26.373] (**) Sony Interactive Entertainment Wireless Controller Touchpad: (accel) selected scheme none/0
[    26.373] (**) Sony Interactive Entertainment Wireless Controller Touchpad: (accel) acceleration factor: 2.000
[    26.373] (**) Sony Interactive Entertainment Wireless Controller Touchpad: (accel) acceleration threshold: 4
[    26.374] (II) event31 - Sony Interactive Entertainment Wireless Controller Touchpad: is tagged by udev as: Touchpad
[    26.374] (II) event31 - Sony Interactive Entertainment Wireless Controller Touchpad: no resolution or size hints, assuming a size of 69x50mm
[    26.374] (II) event31 - Sony Interactive Entertainment Wireless Controller Touchpad: device is a touchpad
[    26.375] (II) config/udev: Adding input device Sony Interactive Entertainment Wireless Controller Touchpad (/dev/input/mouse2)
[    26.375] (II) No input driver specified, ignoring this device.
[    26.375] (II) This device may have been added with another device file.
[    26.375] (II) config/udev: Adding input device Sony Interactive Entertainment Wireless Controller Motion Sensors (/dev/input/event256)
[    26.375] (II) No input driver specified, ignoring this device.
[    26.375] (II) This device may have been added with another device file.
[    26.375] (II) config/udev: Adding input device Kinesis Freestyle Edge Keyboard (/dev/input/event24)
[    26.375] (**) Kinesis Freestyle Edge Keyboard: Applying InputClass "libinput pointer catchall"
[    26.375] (II) Using input driver 'libinput' for 'Kinesis Freestyle Edge Keyboard'
[    26.431] (II) systemd-logind: got fd for /dev/input/event24 13:88 fd 25 paused 0
[    26.431] (**) Kinesis Freestyle Edge Keyboard: always reports core events
[    26.431] (**) Option "Device" "/dev/input/event24"
[    26.431] (**) Option "_source" "server/udev"
[    26.433] (II) event24 - Kinesis Freestyle Edge Keyboard: is tagged by udev as: Mouse
[    26.433] (II) event24 - Kinesis Freestyle Edge Keyboard: device is a pointer
[    26.433] (II) event24 - Kinesis Freestyle Edge Keyboard: device removed
[    26.433] (**) Option "config_info" "udev:/sys/devices/pci0000:00/0000:00:14.0/usb1/1-10/1-10:1.0/0003:29EA:0102.0005/input/input26/event24"
[    26.433] (II) XINPUT: Adding extended input device "Kinesis Freestyle Edge Keyboard" (type: MOUSE, id 10)
[    26.433] (**) Option "AccelerationScheme" "none"
[    26.433] (**) Kinesis Freestyle Edge Keyboard: (accel) selected scheme none/0
[    26.433] (**) Kinesis Freestyle Edge Keyboard: (accel) acceleration factor: 2.000
[    26.433] (**) Kinesis Freestyle Edge Keyboard: (accel) acceleration threshold: 4
[    26.435] (II) event24 - Kinesis Freestyle Edge Keyboard: is tagged by udev as: Mouse
[    26.435] (II) event24 - Kinesis Freestyle Edge Keyboard: device is a pointer
[    26.436] (II) config/udev: Adding input device Kinesis Freestyle Edge Keyboard (/dev/input/mouse1)
[    26.436] (II) No input driver specified, ignoring this device.
[    26.436] (II) This device may have been added with another device file.
[    26.437] (II) config/udev: Adding input device Kinesis Freestyle Edge Keyboard (/dev/input/event25)
[    26.437] (**) Kinesis Freestyle Edge Keyboard: Applying InputClass "libinput keyboard catchall"
[    26.437] (II) Using input driver 'libinput' for 'Kinesis Freestyle Edge Keyboard'
[    26.438] (II) systemd-logind: got fd for /dev/input/event25 13:89 fd 26 paused 0
[    26.438] (**) Kinesis Freestyle Edge Keyboard: always reports core events
[    26.438] (**) Option "Device" "/dev/input/event25"
[    26.438] (**) Option "_source" "server/udev"
[    26.440] (II) event25 - Kinesis Freestyle Edge Keyboard: is tagged by udev as: Keyboard
[    26.441] (II) event25 - Kinesis Freestyle Edge Keyboard: device is a keyboard
[    26.441] (II) event25 - Kinesis Freestyle Edge Keyboard: device removed
[    26.441] (**) Option "config_info" "udev:/sys/devices/pci0000:00/0000:00:14.0/usb1/1-10/1-10:1.1/0003:29EA:0102.0006/input/input27/event25"
[    26.441] (II) XINPUT: Adding extended input device "Kinesis Freestyle Edge Keyboard" (type: KEYBOARD, id 11)
[    26.443] (II) event25 - Kinesis Freestyle Edge Keyboard: is tagged by udev as: Keyboard
[    26.443] (II) event25 - Kinesis Freestyle Edge Keyboard: device is a keyboard
[    26.445] (II) config/udev: Adding input device Kinesis Freestyle Edge Keyboard Consumer Control (/dev/input/event26)
[    26.445] (**) Kinesis Freestyle Edge Keyboard Consumer Control: Applying InputClass "libinput keyboard catchall"
[    26.445] (II) Using input driver 'libinput' for 'Kinesis Freestyle Edge Keyboard Consumer Control'
[    26.446] (II) systemd-logind: got fd for /dev/input/event26 13:90 fd 27 paused 0
[    26.446] (**) Kinesis Freestyle Edge Keyboard Consumer Control: always reports core events
[    26.446] (**) Option "Device" "/dev/input/event26"
[    26.446] (**) Option "_source" "server/udev"
[    26.448] (II) event26 - Kinesis Freestyle Edge Keyboard Consumer Control: is tagged by udev as: Keyboard
[    26.448] (II) event26 - Kinesis Freestyle Edge Keyboard Consumer Control: device is a keyboard
[    26.448] (II) event26 - Kinesis Freestyle Edge Keyboard Consumer Control: device removed
[    26.448] (**) Option "config_info" "udev:/sys/devices/pci0000:00/0000:00:14.0/usb1/1-10/1-10:1.2/0003:29EA:0102.0007/input/input28/event26"
[    26.448] (II) XINPUT: Adding extended input device "Kinesis Freestyle Edge Keyboard Consumer Control" (type: KEYBOARD, id 12)
[    26.451] (II) event26 - Kinesis Freestyle Edge Keyboard Consumer Control: is tagged by udev as: Keyboard
[    26.451] (II) event26 - Kinesis Freestyle Edge Keyboard Consumer Control: device is a keyboard
[    26.452] (II) config/udev: Adding input device Kinesis Freestyle Edge Keyboard System Control (/dev/input/event27)
[    26.452] (**) Kinesis Freestyle Edge Keyboard System Control: Applying InputClass "libinput keyboard catchall"
[    26.452] (II) Using input driver 'libinput' for 'Kinesis Freestyle Edge Keyboard System Control'
[    26.453] (II) systemd-logind: got fd for /dev/input/event27 13:91 fd 28 paused 0
[    26.453] (**) Kinesis Freestyle Edge Keyboard System Control: always reports core events
[    26.453] (**) Option "Device" "/dev/input/event27"
[    26.453] (**) Option "_source" "server/udev"
[    26.455] (II) event27 - Kinesis Freestyle Edge Keyboard System Control: is tagged by udev as: Keyboard
[    26.455] (II) event27 - Kinesis Freestyle Edge Keyboard System Control: device is a keyboard
[    26.456] (II) event27 - Kinesis Freestyle Edge Keyboard System Control: device removed
[    26.456] (**) Option "config_info" "udev:/sys/devices/pci0000:00/0000:00:14.0/usb1/1-10/1-10:1.2/0003:29EA:0102.0007/input/input29/event27"
[    26.456] (II) XINPUT: Adding extended input device "Kinesis Freestyle Edge Keyboard System Control" (type: KEYBOARD, id 13)
[    26.458] (II) event27 - Kinesis Freestyle Edge Keyboard System Control: is tagged by udev as: Keyboard
[    26.458] (II) event27 - Kinesis Freestyle Edge Keyboard System Control: device is a keyboard
[    26.460] (II) config/udev: Adding input device MSI MYSTIC LIGHT  (/dev/input/event30)
[    26.460] (II) No input driver specified, ignoring this device.
[    26.460] (II) This device may have been added with another device file.
[    26.460] (II) config/udev: Adding input device Logitech G432 Gaming Headset Consumer Control (/dev/input/event19)
[    26.460] (**) Logitech G432 Gaming Headset Consumer Control: Applying InputClass "libinput keyboard catchall"
[    26.460] (II) Using input driver 'libinput' for 'Logitech G432 Gaming Headset Consumer Control'
[    26.462] (II) systemd-logind: got fd for /dev/input/event19 13:83 fd 29 paused 0
[    26.462] (**) Logitech G432 Gaming Headset Consumer Control: always reports core events
[    26.462] (**) Option "Device" "/dev/input/event19"
[    26.462] (**) Option "_source" "server/udev"
[    26.464] (II) event19 - Logitech G432 Gaming Headset Consumer Control: is tagged by udev as: Keyboard
[    26.464] (II) event19 - Logitech G432 Gaming Headset Consumer Control: device is a keyboard
[    26.464] (II) event19 - Logitech G432 Gaming Headset Consumer Control: device removed
[    26.464] (**) Option "config_info" "udev:/sys/devices/pci0000:00/0000:00:14.0/usb1/1-2/1-2:1.3/0003:046D:0A9C.0002/input/input19/event19"
[    26.464] (II) XINPUT: Adding extended input device "Logitech G432 Gaming Headset Consumer Control" (type: KEYBOARD, id 14)
[    26.466] (II) event19 - Logitech G432 Gaming Headset Consumer Control: is tagged by udev as: Keyboard
[    26.466] (II) event19 - Logitech G432 Gaming Headset Consumer Control: device is a keyboard
[    26.467] (II) config/udev: Adding input device Logitech G432 Gaming Headset (/dev/input/event20)
[    26.467] (**) Logitech G432 Gaming Headset: Applying InputClass "libinput keyboard catchall"
[    26.467] (II) Using input driver 'libinput' for 'Logitech G432 Gaming Headset'
[    26.468] (II) systemd-logind: got fd for /dev/input/event20 13:84 fd 30 paused 0
[    26.468] (**) Logitech G432 Gaming Headset: always reports core events
[    26.468] (**) Option "Device" "/dev/input/event20"
[    26.468] (**) Option "_source" "server/udev"
[    26.470] (II) event20 - Logitech G432 Gaming Headset: is tagged by udev as: Keyboard
[    26.470] (II) event20 - Logitech G432 Gaming Headset: device is a keyboard
[    26.470] (II) event20 - Logitech G432 Gaming Headset: device removed
[    26.470] (**) Option "config_info" "udev:/sys/devices/pci0000:00/0000:00:14.0/usb1/1-2/1-2:1.3/0003:046D:0A9C.0002/input/input20/event20"
[    26.470] (II) XINPUT: Adding extended input device "Logitech G432 Gaming Headset" (type: KEYBOARD, id 15)
[    26.472] (II) event20 - Logitech G432 Gaming Headset: is tagged by udev as: Keyboard
[    26.472] (II) event20 - Logitech G432 Gaming Headset: device is a keyboard
[    26.473] (II) config/udev: Adding input device HiCamera: UVC Camera (/dev/input/event18)
[    26.473] (**) HiCamera: UVC Camera: Applying InputClass "libinput keyboard catchall"
[    26.473] (II) Using input driver 'libinput' for 'HiCamera: UVC Camera'
[    26.473] (II) systemd-logind: got fd for /dev/input/event18 13:82 fd 31 paused 0
[    26.473] (**) HiCamera: UVC Camera: always reports core events
[    26.473] (**) Option "Device" "/dev/input/event18"
[    26.473] (**) Option "_source" "server/udev"
[    26.474] (II) event18 - HiCamera: UVC Camera: is tagged by udev as: Keyboard
[    26.475] (II) event18 - HiCamera: UVC Camera: device is a keyboard
[    26.475] (II) event18 - HiCamera: UVC Camera: device removed
[    26.475] (**) Option "config_info" "udev:/sys/devices/pci0000:00/0000:00:14.0/usb1/1-3/1-3.3/1-3.3:1.0/input/input18/event18"
[    26.475] (II) XINPUT: Adding extended input device "HiCamera: UVC Camera" (type: KEYBOARD, id 16)
[    26.476] (II) event18 - HiCamera: UVC Camera: is tagged by udev as: Keyboard
[    26.476] (II) event18 - HiCamera: UVC Camera: device is a keyboard
[    26.477] (II) config/udev: Adding input device USB Keyboard (/dev/input/event28)
[    26.477] (**) USB Keyboard: Applying InputClass "libinput keyboard catchall"
[    26.477] (II) Using input driver 'libinput' for 'USB Keyboard'
[    26.478] (II) systemd-logind: got fd for /dev/input/event28 13:92 fd 32 paused 0
[    26.478] (**) USB Keyboard: always reports core events
[    26.478] (**) Option "Device" "/dev/input/event28"
[    26.478] (**) Option "_source" "server/udev"
[    26.479] (II) event28 - USB Keyboard: is tagged by udev as: Keyboard
[    26.479] (II) event28 - USB Keyboard: device is a keyboard
[    26.479] (II) event28 - USB Keyboard: device removed
[    26.479] (**) Option "config_info" "udev:/sys/devices/pci0000:00/0000:00:14.0/usb1/1-3/1-3.4/1-3.4.1/1-3.4.1:1.0/0003:0C45:7603.0008/input/input30/event28"
[    26.479] (II) XINPUT: Adding extended input device "USB Keyboard" (type: KEYBOARD, id 17)
[    26.480] (II) event28 - USB Keyboard: is tagged by udev as: Keyboard
[    26.481] (II) event28 - USB Keyboard: device is a keyboard
[    26.481] (II) config/udev: Adding input device USB Keyboard (/dev/input/event29)
[    26.481] (**) USB Keyboard: Applying InputClass "libinput keyboard catchall"
[    26.481] (II) Using input driver 'libinput' for 'USB Keyboard'
[    26.482] (II) systemd-logind: got fd for /dev/input/event29 13:93 fd 33 paused 0
[    26.482] (**) USB Keyboard: always reports core events
[    26.482] (**) Option "Device" "/dev/input/event29"
[    26.482] (**) Option "_source" "server/udev"
[    26.483] (II) event29 - USB Keyboard: is tagged by udev as: Keyboard
[    26.483] (II) event29 - USB Keyboard: device is a keyboard
[    26.483] (II) event29 - USB Keyboard: device removed
[    26.483] (II) libinput: USB Keyboard: needs a virtual subdevice
[    26.483] (**) Option "config_info" "udev:/sys/devices/pci0000:00/0000:00:14.0/usb1/1-3/1-3.4/1-3.4.1/1-3.4.1:1.1/0003:0C45:7603.0009/input/input31/event29"
[    26.483] (II) XINPUT: Adding extended input device "USB Keyboard" (type: MOUSE, id 18)
[    26.483] (**) Option "AccelerationScheme" "none"
[    26.483] (**) USB Keyboard: (accel) selected scheme none/0
[    26.483] (**) USB Keyboard: (accel) acceleration factor: 2.000
[    26.483] (**) USB Keyboard: (accel) acceleration threshold: 4
[    26.485] (II) event29 - USB Keyboard: is tagged by udev as: Keyboard
[    26.485] (II) event29 - USB Keyboard: device is a keyboard
[    26.485] (II) config/udev: Adding input device Contour Design Unimouse (/dev/input/event21)
[    26.485] (**) Contour Design Unimouse: Applying InputClass "libinput pointer catchall"
[    26.485] (II) Using input driver 'libinput' for 'Contour Design Unimouse'
[    26.486] (II) systemd-logind: got fd for /dev/input/event21 13:85 fd 34 paused 0
[    26.486] (**) Contour Design Unimouse: always reports core events
[    26.486] (**) Option "Device" "/dev/input/event21"
[    26.486] (**) Option "_source" "server/udev"
[    26.487] (II) event21 - Contour Design Unimouse: is tagged by udev as: Mouse
[    26.487] (II) event21 - Contour Design Unimouse: device is a pointer
[    26.487] (II) event21 - Contour Design Unimouse: device removed
[    26.487] (**) Option "config_info" "udev:/sys/devices/pci0000:00/0000:00:14.0/usb1/1-9/1-9:1.0/0003:0B33:1056.0003/input/input23/event21"
[    26.487] (II) XINPUT: Adding extended input device "Contour Design Unimouse" (type: MOUSE, id 19)
[    26.487] (**) Option "AccelerationScheme" "none"
[    26.487] (**) Contour Design Unimouse: (accel) selected scheme none/0
[    26.487] (**) Contour Design Unimouse: (accel) acceleration factor: 2.000
[    26.487] (**) Contour Design Unimouse: (accel) acceleration threshold: 4
[    26.488] (II) event21 - Contour Design Unimouse: is tagged by udev as: Mouse
[    26.488] (II) event21 - Contour Design Unimouse: device is a pointer
[    26.488] (II) config/udev: Adding input device Contour Design Unimouse (/dev/input/mouse0)
[    26.488] (II) No input driver specified, ignoring this device.
[    26.488] (II) This device may have been added with another device file.
[    26.489] (II) config/udev: Adding input device Contour Design Unimouse Keyboard (/dev/input/event22)
[    26.489] (**) Contour Design Unimouse Keyboard: Applying InputClass "libinput keyboard catchall"
[    26.489] (II) Using input driver 'libinput' for 'Contour Design Unimouse Keyboard'
[    26.489] (II) systemd-logind: got fd for /dev/input/event22 13:86 fd 35 paused 0
[    26.489] (**) Contour Design Unimouse Keyboard: always reports core events
[    26.489] (**) Option "Device" "/dev/input/event22"
[    26.489] (**) Option "_source" "server/udev"
[    26.490] (II) event22 - Contour Design Unimouse Keyboard: is tagged by udev as: Keyboard
[    26.490] (II) event22 - Contour Design Unimouse Keyboard: device is a keyboard
[    26.490] (II) event22 - Contour Design Unimouse Keyboard: device removed
[    26.490] (**) Option "config_info" "udev:/sys/devices/pci0000:00/0000:00:14.0/usb1/1-9/1-9:1.0/0003:0B33:1056.0003/input/input24/event22"
[    26.490] (II) XINPUT: Adding extended input device "Contour Design Unimouse Keyboard" (type: KEYBOARD, id 20)
[    26.491] (II) event22 - Contour Design Unimouse Keyboard: is tagged by udev as: Keyboard
[    26.491] (II) event22 - Contour Design Unimouse Keyboard: device is a keyboard
[    26.492] (II) config/udev: Adding input device Contour Design Unimouse Consumer Control (/dev/input/event23)
[    26.492] (**) Contour Design Unimouse Consumer Control: Applying InputClass "libinput pointer catchall"
[    26.492] (**) Contour Design Unimouse Consumer Control: Applying InputClass "libinput keyboard catchall"
[    26.492] (II) Using input driver 'libinput' for 'Contour Design Unimouse Consumer Control'
[    26.492] (II) systemd-logind: got fd for /dev/input/event23 13:87 fd 36 paused 0
[    26.492] (**) Contour Design Unimouse Consumer Control: always reports core events
[    26.492] (**) Option "Device" "/dev/input/event23"
[    26.492] (**) Option "_source" "server/udev"
[    26.493] (II) event23 - Contour Design Unimouse Consumer Control: is tagged by udev as: Keyboard Mouse
[    26.493] (II) event23 - Contour Design Unimouse Consumer Control: device is a pointer
[    26.493] (II) event23 - Contour Design Unimouse Consumer Control: device is a keyboard
[    26.493] (II) event23 - Contour Design Unimouse Consumer Control: device removed
[    26.493] (II) libinput: Contour Design Unimouse Consumer Control: needs a virtual subdevice
[    26.493] (**) Option "config_info" "udev:/sys/devices/pci0000:00/0000:00:14.0/usb1/1-9/1-9:1.0/0003:0B33:1056.0003/input/input25/event23"
[    26.493] (II) XINPUT: Adding extended input device "Contour Design Unimouse Consumer Control" (type: MOUSE, id 21)
[    26.493] (**) Option "AccelerationScheme" "none"
[    26.493] (**) Contour Design Unimouse Consumer Control: (accel) selected scheme none/0
[    26.493] (**) Contour Design Unimouse Consumer Control: (accel) acceleration factor: 2.000
[    26.493] (**) Contour Design Unimouse Consumer Control: (accel) acceleration threshold: 4
[    26.494] (II) event23 - Contour Design Unimouse Consumer Control: is tagged by udev as: Keyboard Mouse
[    26.494] (II) event23 - Contour Design Unimouse Consumer Control: device is a pointer
[    26.494] (II) event23 - Contour Design Unimouse Consumer Control: device is a keyboard
[    26.494] (II) config/udev: Adding input device HDA Digital PCBeep (/dev/input/event10)
[    26.494] (II) No input driver specified, ignoring this device.
[    26.494] (II) This device may have been added with another device file.
[    26.494] (II) config/udev: Adding input device HDA Intel PCH Front Mic (/dev/input/event11)
[    26.494] (II) No input driver specified, ignoring this device.
[    26.494] (II) This device may have been added with another device file.
[    26.495] (II) config/udev: Adding input device HDA Intel PCH Rear Mic (/dev/input/event12)
[    26.495] (II) No input driver specified, ignoring this device.
[    26.495] (II) This device may have been added with another device file.
[    26.495] (II) config/udev: Adding input device HDA Intel PCH Line (/dev/input/event13)
[    26.495] (II) No input driver specified, ignoring this device.
[    26.495] (II) This device may have been added with another device file.
[    26.495] (II) config/udev: Adding input device HDA Intel PCH Line Out Front (/dev/input/event14)
[    26.495] (II) No input driver specified, ignoring this device.
[    26.495] (II) This device may have been added with another device file.
[    26.495] (II) config/udev: Adding input device HDA Intel PCH Line Out Surround (/dev/input/event15)
[    26.495] (II) No input driver specified, ignoring this device.
[    26.495] (II) This device may have been added with another device file.
[    26.495] (II) config/udev: Adding input device HDA Intel PCH Line Out CLFE (/dev/input/event16)
[    26.495] (II) No input driver specified, ignoring this device.
[    26.495] (II) This device may have been added with another device file.
[    26.495] (II) config/udev: Adding input device HDA Intel PCH Front Headphone (/dev/input/event17)
[    26.495] (II) No input driver specified, ignoring this device.
[    26.495] (II) This device may have been added with another device file.
[    26.496] (II) config/udev: Adding input device PC Speaker (/dev/input/event3)
[    26.496] (II) No input driver specified, ignoring this device.
[    26.496] (II) This device may have been added with another device file.
[    26.498] (**) USB Keyboard: Applying InputClass "libinput keyboard catchall"
[    26.498] (II) Using input driver 'libinput' for 'USB Keyboard'
[    26.498] (II) systemd-logind: returning pre-existing fd for /dev/input/event29 13:93
[    26.498] (**) USB Keyboard: always reports core events
[    26.498] (**) Option "Device" "/dev/input/event29"
[    26.498] (**) Option "_source" "_driver/libinput"
[    26.498] (II) libinput: USB Keyboard: is a virtual subdevice
[    26.498] (**) Option "config_info" "udev:/sys/devices/pci0000:00/0000:00:14.0/usb1/1-3/1-3.4/1-3.4.1/1-3.4.1:1.1/0003:0C45:7603.0009/input/input31/event29"
[    26.498] (II) XINPUT: Adding extended input device "USB Keyboard" (type: KEYBOARD, id 22)
[    26.498] (**) Contour Design Unimouse Consumer Control: Applying InputClass "libinput pointer catchall"
[    26.498] (**) Contour Design Unimouse Consumer Control: Applying InputClass "libinput keyboard catchall"
[    26.498] (II) Using input driver 'libinput' for 'Contour Design Unimouse Consumer Control'
[    26.498] (II) systemd-logind: returning pre-existing fd for /dev/input/event23 13:87
[    26.498] (**) Contour Design Unimouse Consumer Control: always reports core events
[    26.498] (**) Option "Device" "/dev/input/event23"
[    26.498] (**) Option "_source" "_driver/libinput"
[    26.498] (II) libinput: Contour Design Unimouse Consumer Control: is a virtual subdevice
[    26.498] (**) Option "config_info" "udev:/sys/devices/pci0000:00/0000:00:14.0/usb1/1-9/1-9:1.0/0003:0B33:1056.0003/input/input25/event23"
[    26.498] (II) XINPUT: Adding extended input device "Contour Design Unimouse Consumer Control" (type: KEYBOARD, id 23)
[    35.691] (EE) AMDGPU(0): drmmode_do_crtc_dpms cannot get last vblank counter
[    35.692] (II) AMDGPU(0): Allocate new frame buffer 3000x1920
[    35.692] (II) AMDGPU(0):  => pitch 12288 bytes
[    36.958] (EE) event25 - Kinesis Freestyle Edge Keyboard: client bug: event processing lagging behind by 26ms, your system is too slow
[   227.956] (EE) event25 - Kinesis Freestyle Edge Keyboard: client bug: event processing lagging behind by 22ms, your system is too slow
[   385.684] (EE) event25 - Kinesis Freestyle Edge Keyboard: client bug: event processing lagging behind by 13ms, your system is too slow
[  1190.992] (EE) event25 - Kinesis Freestyle Edge Keyboard: client bug: event processing lagging behind by 37ms, your system is too slow
[  1318.454] (EE) event25 - Kinesis Freestyle Edge Keyboard: client bug: event processing lagging behind by 33ms, your system is too slow
[  1469.650] (EE) event25 - Kinesis Freestyle Edge Keyboard: client bug: event processing lagging behind by 16ms, your system is too slow
[  1601.838] (EE) event25 - Kinesis Freestyle Edge Keyboard: client bug: event processing lagging behind by 33ms, your system is too slow
[  1731.094] (EE) event25 - Kinesis Freestyle Edge Keyboard: client bug: event processing lagging behind by 19ms, your system is too slow
[  1982.673] (EE) event25 - Kinesis Freestyle Edge Keyboard: client bug: event processing lagging behind by 18ms, your system is too slow
[  2078.262] (EE) event25 - Kinesis Freestyle Edge Keyboard: client bug: event processing lagging behind by 17ms, your system is too slow
[  2243.154] (EE) event25 - Kinesis Freestyle Edge Keyboard: client bug: event processing lagging behind by 22ms, your system is too slow
[  2459.349] (EE) event25 - Kinesis Freestyle Edge Keyboard: client bug: event processing lagging behind by 21ms, your system is too slow
